[2026-02-22T16:47:35Z] docker version 
[2026-02-22T16:47:36Z] docker compose version 
[2026-02-22T16:47:37Z] docker info 
[2026-02-22T16:47:38Z] docker compose ps 
[2026-02-22T16:47:40Z] docker compose images 
[2026-02-22T16:47:41Z] bash -lc docker\ compose\ config\ \|\ sed\ -E\ \"s/\(POSTGRES_PASSWORD:\).\*/\\1\ \<redacted\>/g\;\ s/\(KONG_PASSWORD:\).\*/\\1\ \<redacted\>/g\" 
[2026-02-22T16:47:49Z] git status 
[2026-02-22T16:47:49Z] git rev-parse --short HEAD 
[2026-02-22T16:47:50Z] git branch --show-current 
[2026-02-22T16:47:50Z] git diff --stat 
[2026-02-22T16:47:51Z] git diff 
[2026-02-22T16:47:51Z] bash -lc curl\ -sS\ http://localhost:8000/market/health\ \|\|\ true 
[2026-02-22T16:47:59Z] bash -lc curl\ -sS\ http://localhost:8000/workflow/health\ \|\|\ true 
[2026-02-22T16:48:04Z] bash -lc curl\ -sS\ http://localhost:8000/genai/health\ \|\|\ true 
[2026-02-22T16:48:09Z] docker compose logs --no-color --tail=250 postgres 
[2026-02-22T16:48:10Z] docker compose logs --no-color --tail=250 redpanda 
[2026-02-22T16:48:11Z] docker compose logs --no-color --tail=250 kong 
[2026-02-22T16:48:13Z] docker compose logs --no-color --tail=250 market-data 
[2026-02-22T16:48:14Z] docker compose logs --no-color --tail=250 workflow-api 
[2026-02-22T16:48:15Z] docker compose logs --no-color --tail=250 genai-api 
[2026-02-22T16:48:16Z] docker compose logs --no-color --tail=250 signal-engine 
[2026-02-22T16:48:18Z] docker compose logs --no-color --tail=250 risk-engine 
[2026-02-22T16:48:19Z] docker compose logs --no-color --tail=250 paper-oms 
[2026-02-22T16:48:20Z] docker compose logs --no-color --tail=250 notifier 
[2026-02-22T16:48:21Z] docker compose logs --no-color --tail=250 prometheus 
[2026-02-22T16:48:23Z] docker compose logs --no-color --tail=250 grafana 
[2026-02-22T16:48:24Z] docker compose logs --no-color --tail=250 tools 
[2026-02-22T16:48:25Z] docker compose exec -T postgres psql -U tradeops -d tradeops -P pager=off -c \\dt 
[2026-02-22T16:48:26Z] docker compose exec -T postgres psql -U tradeops -d tradeops -P pager=off -c \\d+\ workflows 
[2026-02-22T16:48:28Z] docker compose exec -T postgres psql -U tradeops -d tradeops -P pager=off -c \\d+\ orders 
[2026-02-22T16:48:29Z] docker compose exec -T postgres psql -U tradeops -d tradeops -P pager=off -c \\d+\ audit_logs 
[2026-02-22T16:48:30Z] docker compose exec -T postgres psql -U tradeops -d tradeops -P pager=off -c select\ audit_id\,\ kind\,\ ref_id\,\ correlation_id\,\ hash\,\ created_at\ from\ audit_logs\ order\ by\ audit_id\ desc\ limit\ 20\; 
[2026-02-22T16:48:32Z] docker compose exec -T postgres psql -U tradeops -d tradeops -P pager=off -c COPY\ \(select\ audit_id\,\ kind\,\ ref_id\,\ correlation_id\,\ hash\,\ created_at\ from\ audit_logs\ order\ by\ audit_id\ desc\ limit\ 200\)\ TO\ STDOUT\ WITH\ CSV\ HEADER\; 
[2026-02-22T16:48:33Z] docker compose exec -T postgres psql -U tradeops -d tradeops -P pager=off -c select\ kind\,\ count\(\*\)\ as\ cnt\,\ min\(created_at\)\ as\ first_seen\,\ max\(created_at\)\ as\ last_seen\ from\ audit_logs\ group\ by\ kind\ order\ by\ cnt\ desc\; 
[2026-02-22T16:48:35Z] docker compose exec -T postgres psql -U tradeops -d tradeops -P pager=off -c COPY\ \(select\ kind\,\ count\(\*\)\ as\ cnt\,\ min\(created_at\)\ as\ first_seen\,\ max\(created_at\)\ as\ last_seen\ from\ audit_logs\ group\ by\ kind\ order\ by\ cnt\ desc\)\ TO\ STDOUT\ WITH\ CSV\ HEADER\; 
[2026-02-22T16:48:37Z] docker compose exec -T postgres psql -U tradeops -d tradeops -P pager=off -c $'\nselect\n  workflow_id,\n  status,\n  payload->>\'symbol\' as symbol,\n  payload->>\'side\'   as side,\n  (payload->>\'qty\')::numeric as qty,\n  created_at\nfrom workflows\norder by created_at desc\nlimit 50;' 
[2026-02-22T16:48:38Z] docker compose exec -T postgres psql -U tradeops -d tradeops -P pager=off -c $'COPY (\nselect\n  workflow_id,\n  status,\n  payload->>\'symbol\' as symbol,\n  payload->>\'side\'   as side,\n  (payload->>\'qty\')::numeric as qty,\n  created_at\nfrom workflows\norder by created_at desc\nlimit 500) TO STDOUT WITH CSV HEADER;' 
[2026-02-22T16:48:40Z] docker compose exec -T postgres psql -U tradeops -d tradeops -P pager=off -c $'\nselect order_id, workflow_id, status, symbol, side, qty, fill_price, created_at\nfrom orders\norder by created_at desc\nlimit 50;' 
[2026-02-22T16:48:41Z] docker compose exec -T postgres psql -U tradeops -d tradeops -P pager=off -c $'COPY (\nselect order_id, workflow_id, status, symbol, side, qty, fill_price, created_at\nfrom orders\norder by created_at desc\nlimit 500) TO STDOUT WITH CSV HEADER;' 
[2026-02-22T16:48:42Z] docker compose exec -T postgres psql -U tradeops -d tradeops -P pager=off -c $'\nselect\n  w.workflow_id,\n  w.status as workflow_status,\n  o.order_id,\n  o.status as order_status,\n  o.symbol, o.side, o.qty, o.fill_price,\n  ar.audit_id as genai_audit_id,\n  ar.correlation_id as genai_corr,\n  ar.created_at as genai_at,\n  af.audit_id as filled_audit_id,\n  af.correlation_id as filled_corr,\n  af.created_at as filled_at\nfrom workflows w\nleft join orders o\n  on o.workflow_id = w.workflow_id\nleft join audit_logs ar\n  on ar.kind=\'genai.review\' and ar.ref_id = w.workflow_id::text\nleft join audit_logs af\n  on af.kind=\'order.filled\' and af.ref_id = o.order_id::text\norder by w.created_at desc\nlimit 50;' 
[2026-02-22T16:48:44Z] docker compose exec -T postgres psql -U tradeops -d tradeops -P pager=off -c $'COPY (\nselect\n  w.workflow_id,\n  w.status as workflow_status,\n  o.order_id,\n  o.status as order_status,\n  o.symbol, o.side, o.qty, o.fill_price,\n  ar.audit_id as genai_audit_id,\n  ar.correlation_id as genai_corr,\n  ar.created_at as genai_at,\n  af.audit_id as filled_audit_id,\n  af.correlation_id as filled_corr,\n  af.created_at as filled_at\nfrom workflows w\nleft join orders o\n  on o.workflow_id = w.workflow_id\nleft join audit_logs ar\n  on ar.kind=\'genai.review\' and ar.ref_id = w.workflow_id::text\nleft join audit_logs af\n  on af.kind=\'order.filled\' and af.ref_id = o.order_id::text\norder by w.created_at desc\nlimit 500) TO STDOUT WITH CSV HEADER;' 
[2026-02-22T16:48:45Z] docker compose exec -T postgres psql -U tradeops -d tradeops -P pager=off -c $'\nselect\n  w.workflow_id,\n  round(extract(epoch from (af.created_at - ar.created_at))::numeric, 3) as seconds_review_to_filled\nfrom workflows w\njoin orders o\n  on o.workflow_id = w.workflow_id\njoin audit_logs ar\n  on ar.kind=\'genai.review\' and ar.ref_id = w.workflow_id::text\njoin audit_logs af\n  on af.kind=\'order.filled\' and af.ref_id = o.order_id::text\norder by w.created_at desc\nlimit 100;' 
[2026-02-22T16:48:46Z] docker compose exec -T postgres psql -U tradeops -d tradeops -P pager=off -c $'COPY (\nselect\n  w.workflow_id,\n  round(extract(epoch from (af.created_at - ar.created_at))::numeric, 3) as seconds_review_to_filled\nfrom workflows w\njoin orders o\n  on o.workflow_id = w.workflow_id\njoin audit_logs ar\n  on ar.kind=\'genai.review\' and ar.ref_id = w.workflow_id::text\njoin audit_logs af\n  on af.kind=\'order.filled\' and af.ref_id = o.order_id::text\norder by w.created_at desc\nlimit 1000) TO STDOUT WITH CSV HEADER;' 
