redpanda-1  | INFO  2026-02-22 14:00:41,330 [shard 0:main] main - application.cc:808 - schema_registry_client.consumer_session_timeout_ms:10000	- Timeout (in milliseconds) for consumer session
redpanda-1  | INFO  2026-02-22 14:00:41,330 [shard 0:main] main - application.cc:808 - schema_registry_client.produce_ack_level:-1	- Number of acknowledgments the producer requires the leader to have received before considering a request complete, choices are 0, 1 and -1
redpanda-1  | INFO  2026-02-22 14:00:41,330 [shard 0:main] main - application.cc:808 - schema_registry_client.produce_batch_delay_ms:0	- Delay (in milliseconds) to wait before sending batch
redpanda-1  | INFO  2026-02-22 14:00:41,330 [shard 0:main] main - application.cc:808 - schema_registry_client.produce_batch_record_count:0	- Number of records to batch before sending to broker
redpanda-1  | INFO  2026-02-22 14:00:41,330 [shard 0:main] main - application.cc:808 - schema_registry_client.produce_batch_size_bytes:0	- Number of bytes to batch before sending to broker
redpanda-1  | INFO  2026-02-22 14:00:41,330 [shard 0:main] main - application.cc:808 - schema_registry_client.produce_compression_type:none	- Enable or disable compression by the kafka client. Specify 'none' to disable compression or one of the supported types [gzip, snappy, lz4, zstd]
redpanda-1  | INFO  2026-02-22 14:00:41,330 [shard 0:main] main - application.cc:808 - schema_registry_client.produce_shutdown_delay_ms:0	- Delay (in milliseconds) to allow for final flush of buffers before shutting down
redpanda-1  | INFO  2026-02-22 14:00:41,330 [shard 0:main] main - application.cc:808 - schema_registry_client.retries:5	- Number of times to retry a request to a broker
redpanda-1  | INFO  2026-02-22 14:00:41,330 [shard 0:main] main - application.cc:808 - schema_registry_client.retry_base_backoff_ms:100	- Delay (in milliseconds) for initial retry backoff
redpanda-1  | INFO  2026-02-22 14:00:41,330 [shard 0:main] main - application.cc:808 - schema_registry_client.sasl_mechanism:	- The SASL mechanism to use when connecting
redpanda-1  | INFO  2026-02-22 14:00:41,330 [shard 0:main] main - application.cc:808 - schema_registry_client.scram_password:	- Password to use for SCRAM authentication mechanisms
redpanda-1  | INFO  2026-02-22 14:00:41,330 [shard 0:main] main - application.cc:808 - schema_registry_client.scram_username:	- Username to use for SCRAM authentication mechanisms
redpanda-1  | INFO  2026-02-22 14:00:41,330 [shard 0:main] main - application.cc:808 - audit_log_client.broker_tls:{ enabled: 0 key/cert files: {nullopt} ca file: {nullopt} crl file: {nullopt} client_auth_required: 0 }	- TLS configuration for the brokers
redpanda-1  | INFO  2026-02-22 14:00:41,330 [shard 0:main] main - application.cc:808 - audit_log_client.brokers:{{host: 0.0.0.0, port: 9092}}	- List of address and port of the brokers
redpanda-1  | INFO  2026-02-22 14:00:41,330 [shard 0:main] main - application.cc:808 - audit_log_client.client_identifier:{audit_log_client}	- Identifier to use within the kafka request header
redpanda-1  | INFO  2026-02-22 14:00:41,330 [shard 0:main] main - application.cc:808 - audit_log_client.consumer_heartbeat_interval_ms:500	- Interval (in milliseconds) for consumer heartbeats
redpanda-1  | INFO  2026-02-22 14:00:41,330 [shard 0:main] main - application.cc:808 - audit_log_client.consumer_rebalance_timeout_ms:2000	- Timeout (in milliseconds) for consumer rebalance
redpanda-1  | INFO  2026-02-22 14:00:41,330 [shard 0:main] main - application.cc:808 - audit_log_client.consumer_request_max_bytes:1048576	- Max bytes to fetch per request
redpanda-1  | INFO  2026-02-22 14:00:41,330 [shard 0:main] main - application.cc:808 - audit_log_client.consumer_request_min_bytes:1	- Min bytes to fetch per request
redpanda-1  | INFO  2026-02-22 14:00:41,330 [shard 0:main] main - application.cc:808 - audit_log_client.consumer_request_timeout_ms:100	- Interval (in milliseconds) for consumer request timeout
redpanda-1  | INFO  2026-02-22 14:00:41,330 [shard 0:main] main - application.cc:808 - audit_log_client.consumer_session_timeout_ms:10000	- Timeout (in milliseconds) for consumer session
redpanda-1  | INFO  2026-02-22 14:00:41,330 [shard 0:main] main - application.cc:808 - audit_log_client.produce_ack_level:1	- Number of acknowledgments the producer requires the leader to have received before considering a request complete, choices are 0, 1 and -1
redpanda-1  | INFO  2026-02-22 14:00:41,330 [shard 0:main] main - application.cc:808 - audit_log_client.produce_batch_delay_ms:0	- Delay (in milliseconds) to wait before sending batch
redpanda-1  | INFO  2026-02-22 14:00:41,330 [shard 0:main] main - application.cc:808 - audit_log_client.produce_batch_record_count:0	- Number of records to batch before sending to broker
redpanda-1  | INFO  2026-02-22 14:00:41,330 [shard 0:main] main - application.cc:808 - audit_log_client.produce_batch_size_bytes:0	- Number of bytes to batch before sending to broker
redpanda-1  | INFO  2026-02-22 14:00:41,330 [shard 0:main] main - application.cc:808 - audit_log_client.produce_compression_type:zstd	- Enable or disable compression by the kafka client. Specify 'none' to disable compression or one of the supported types [gzip, snappy, lz4, zstd]
redpanda-1  | INFO  2026-02-22 14:00:41,330 [shard 0:main] main - application.cc:808 - audit_log_client.produce_shutdown_delay_ms:3000	- Delay (in milliseconds) to allow for final flush of buffers before shutting down
redpanda-1  | INFO  2026-02-22 14:00:41,330 [shard 0:main] main - application.cc:808 - audit_log_client.retries:5	- Number of times to retry a request to a broker
redpanda-1  | INFO  2026-02-22 14:00:41,330 [shard 0:main] main - application.cc:808 - audit_log_client.retry_base_backoff_ms:100	- Delay (in milliseconds) for initial retry backoff
redpanda-1  | INFO  2026-02-22 14:00:41,330 [shard 0:main] main - application.cc:808 - audit_log_client.sasl_mechanism:	- The SASL mechanism to use when connecting
redpanda-1  | INFO  2026-02-22 14:00:41,330 [shard 0:main] main - application.cc:808 - audit_log_client.scram_password:	- Password to use for SCRAM authentication mechanisms
redpanda-1  | INFO  2026-02-22 14:00:41,330 [shard 0:main] main - application.cc:808 - audit_log_client.scram_username:	- Username to use for SCRAM authentication mechanisms
redpanda-1  | INFO  2026-02-22 14:00:41,332 [shard 0:main] seastar - Enabling heap profiler - using 3000037 bytes sampling rate
redpanda-1  | INFO  2026-02-22 14:00:41,333 [shard 0:main] main - application.cc:523 - Setting abort_on_allocation_failure (abort on OOM): true
redpanda-1  | INFO  2026-02-22 14:00:41,333 [shard 0:main] syschecks - Writing pid file "/var/lib/redpanda/data/pid.lock"
redpanda-1  | INFO  2026-02-22 14:00:41,336 [shard 0:main] storage - directories.h:33 - Checking `/var/lib/redpanda/data` for supported filesystems
redpanda-1  | INFO  2026-02-22 14:00:41,337 [shard 0:main] syschecks - Detected file system type is ext2
redpanda-1  | WARN  2026-02-22 14:00:41,337 [shard 0:main] syschecks - Path: `/var/lib/redpanda/data' is on ext4, not XFS. This will probably work, but Redpanda is only tested on XFS and XFS is recommended for best performance.
redpanda-1  | INFO  2026-02-22 14:00:41,338 [shard 0:main] cloud_storage - cache_service.cc:1920 - Creating cache directory "/var/lib/redpanda/data/cloud_storage_cache"
redpanda-1  | INFO  2026-02-22 14:00:41,360 [shard 0:main] ossl-library-context-service - ossl_context_service.cc:254 - OpenSSL Context loaded and ready
redpanda-1  | Reactor stalled for 47 ms on shard 0. Backtrace: 0xa3285af 0xa329cfd 0x4070f 0x169a49 0x3646f94 0x364779c 0xa34d0af 0xa3507d1 0xa34d996 0xa22bc80 0xa22a078 0x32ebc3d 0xa898929 0x2a087 0x2a14a 0x32e40e4
redpanda-1  | INFO  2026-02-22 14:00:41,750 [shard 0:main] rpc - server.cc:41 - Creating net::server for internal_rpc with config {{://0.0.0.0:33145:PLAINTEXT}, max_service_memory_per_core: 188978560, metrics_enabled:true, listen_backlog:{nullopt}, tcp_recv_buf:{nullopt}, tcp_send_buf:{nullopt}, stream_recv_buf:{nullopt}}
redpanda-1  | INFO  2026-02-22 14:00:41,756 [shard 0:main] features - feature_table.cc:434 - Activating features from bootstrap version 7
redpanda-1  | INFO  2026-02-22 14:00:41,756 [shard 0:main] main - application.cc:2456 - Generated new UUID for node: a93729e2-b675-498b-a3cd-4c350add8dd0
redpanda-1  | INFO  2026-02-22 14:00:41,766 [shard 0:main] storage - segment.cc:811 - Creating new segment /var/lib/redpanda/data/redpanda/kvstore/0_0/0-0-v1.log
redpanda-1  | INFO  2026-02-22 14:00:41,862 [shard 0:main] main - application.cc:2505 - Started RPC server listening at {host: 0.0.0.0, port: 33145}
redpanda-1  | INFO  2026-02-22 14:00:41,862 [shard 0:main] main - application.cc:2611 - Starting Redpanda with node_id 0, cluster UUID {nullopt}
redpanda-1  | INFO  2026-02-22 14:00:41,863 [shard 0:main] raft - coordinated_recovery_throttle.cc:126 - Starting recovery throttle, rate: 104857600
redpanda-1  | INFO  2026-02-22 14:00:41,864 [shard 0:main] cluster - producer_state_manager.cc:45 - Started producer state manager
redpanda-1  | INFO  2026-02-22 14:00:41,864 [shard 0:main] main - application.cc:1583 - Partition manager started
redpanda-1  | INFO  2026-02-22 14:00:41,864 [shard 0:main] main - application.cc:1671 - Archiver service setup, cloud_storage_enabled: false, legacy_upload_mode_enabled: true
redpanda-1  | INFO  2026-02-22 14:00:41,864 [shard 0:main] resource_mgmt - storage.cc:182 - Setting new target log data size 604.112GiB. Disk size 1006.854GiB reservation percent 25 target percent {80} bytes {nullopt}
redpanda-1  | INFO  2026-02-22 14:00:41,865 [shard 0:main] kafka - server.cc:41 - Creating net::server for kafka_rpc with config {{PLAINTEXT://0.0.0.0:9092:PLAINTEXT}, max_service_memory_per_core: 283467840, metrics_enabled:true, listen_backlog:{nullopt}, tcp_recv_buf:{nullopt}, tcp_send_buf:{nullopt}, stream_recv_buf:{nullopt}}
redpanda-1  | INFO  2026-02-22 14:00:41,906 [shard 0:main] cluster - controller.cc:1154 - persisted initial configuration invariants: { version: 0, node_id: 0, core_count: 1 }
redpanda-1  | INFO  2026-02-22 14:00:41,906 [shard 0:main] cluster - raft0_utils.h:30 - Current node is a cluster founder
redpanda-1  | INFO  2026-02-22 14:00:41,958 [shard 0:main] raft - [group_id:0, {redpanda/controller/0}] consensus.cc:1403 - Starting with voted_for {id: -2147483648, revision: -9223372036854775808} term 0 initial_state true
redpanda-1  | INFO  2026-02-22 14:00:41,991 [shard 0:main] raft - [group_id:0, {redpanda/controller/0}] consensus.cc:1447 - Current log offsets: {start_offset:-9223372036854775808, committed_offset:-9223372036854775808, committed_offset_term:-9223372036854775808, dirty_offset:-9223372036854775808, dirty_offset_term:-9223372036854775808}, read bootstrap state: data_seen 0 config_seen 0 eol false commit 0 term 0 prev_idx 0 prev_term 0 config_tracker -9223372036854775808 commit_base_tracker -9223372036854775808 configurations {}
redpanda-1  | INFO  2026-02-22 14:00:41,991 [shard 0:main] raft - [group_id:0, {redpanda/controller/0}] consensus.cc:1469 - Truncating configurations at -9223372036854775808
redpanda-1  | INFO  2026-02-22 14:00:42,029 [shard 0:main] raft - [group_id:0, {redpanda/controller/0}] consensus.cc:934 - starting pre-vote leader election, current term: 0, leadership transfer: false
redpanda-1  | INFO  2026-02-22 14:00:42,042 [shard 0:main] raft - [group_id:0, {redpanda/controller/0}] consensus.cc:1580 - started raft, log offsets: {start_offset:-9223372036854775808, committed_offset:-9223372036854775808, committed_offset_term:-9223372036854775808, dirty_offset:-9223372036854775808, dirty_offset_term:-9223372036854775808}, term: 0, configuration: {current: {voters: {{id: 0, revision: 0}}, learners: {}}, old:{nullopt}, revision: 0, update: {nullopt}, version: 4}, brokers: {{id: 0, kafka_advertised_listeners: {{PLAINTEXT:{host: redpanda, port: 9092}}}, rpc_address: {host: 127.0.0.1, port: 33145}, rack: {nullopt}, properties: {cores 1, mem_available 1073741824, disk_available 1006, in_fips_mode disabled}}}}
redpanda-1  | INFO  2026-02-22 14:00:42,043 [shard 0:main] cluster - drain_manager.cc:21 - Drain manager starting
redpanda-1  | INFO  2026-02-22 14:00:42,043 [shard 0:main] cluster - members_manager.cc:98 - starting  members manager with founding brokers: {{id: 0, kafka_advertised_listeners: {{PLAINTEXT:{host: redpanda, port: 9092}}}, rpc_address: {host: 127.0.0.1, port: 33145}, rack: {nullopt}, properties: {cores 1, mem_available 1073741824, disk_available 1006, in_fips_mode disabled}}}
redpanda-1  | INFO  2026-02-22 14:00:42,043 [shard 0:main] cluster - controller.cc:550 - Controller log replay starting (to offset -9223372036854775808)
redpanda-1  | INFO  2026-02-22 14:00:42,043 [shard 0:main] cluster - controller.cc:561 - Controller log replay complete.
redpanda-1  | INFO  2026-02-22 14:00:42,055 [shard 0:main] raft - [group_id:0, {redpanda/controller/0}] vote_stm.cc:418 - becoming the leader term:1
redpanda-1  | INFO  2026-02-22 14:00:42,055 [shard 0:main] storage - segment.cc:811 - Creating new segment /var/lib/redpanda/data/redpanda/controller/0_0/0-1-v1.log
redpanda-1  | INFO  2026-02-22 14:00:42,086 [shard 0:main] cluster - members_manager.cc:208 - processing raft-0 configuration at offset: 0 with brokers: [{id: 0, kafka_advertised_listeners: {{PLAINTEXT:{host: redpanda, port: 9092}}}, rpc_address: {host: 127.0.0.1, port: 33145}, rack: {nullopt}, properties: {cores 1, mem_available 0, disk_available 1006, in_fips_mode disabled}}]
redpanda-1  | INFO  2026-02-22 14:00:42,088 [shard 0:main] cluster - members_table.cc:82 - applying node add command for: {id: 0, kafka_advertised_listeners: {{PLAINTEXT:{host: redpanda, port: 9092}}}, rpc_address: {host: 127.0.0.1, port: 33145}, rack: {nullopt}, properties: {cores 1, mem_available 0, disk_available 1006, in_fips_mode disabled}}
redpanda-1  | INFO  2026-02-22 14:00:42,088 [shard 0:main] raft - [group_id:0, {redpanda/controller/0}] vote_stm.cc:433 - became the leader term: 1
redpanda-1  | INFO  2026-02-22 14:00:42,143 [shard 0:main] cluster - controller.cc:950 - Creating cluster UUID efccf6d4-09d0-4ded-a508-8907db7bdb43
redpanda-1  | INFO  2026-02-22 14:00:42,145 [shard 0:main] cluster - bootstrap_backend.cc:92 - Applying update to bootstrap_manager
redpanda-1  | INFO  2026-02-22 14:00:42,145 [shard 0:main] cluster - members_manager.cc:847 - Initial node UUID map: {a93729e2-b675-498b-a3cd-4c350add8dd0: 0}
redpanda-1  | INFO  2026-02-22 14:00:42,145 [shard 0:main] cluster - members_table.cc:98 - setting initial nodes {{id: 0, kafka_advertised_listeners: {{PLAINTEXT:{host: redpanda, port: 9092}}}, rpc_address: {host: 127.0.0.1, port: 33145}, rack: {nullopt}, properties: {cores 1, mem_available 1073741824, disk_available 1006, in_fips_mode disabled}}}
redpanda-1  | INFO  2026-02-22 14:00:42,156 [shard 0:main] features - feature_table.cc:434 - Activating features from bootstrap version 13
redpanda-1  | INFO  2026-02-22 14:00:42,156 [shard 0:main] cluster - feature_backend.cc:149 - Saving feature_table_snapshot at version 13...
redpanda-1  | INFO  2026-02-22 14:00:42,183 [shard 0:main] cluster - controller.cc:958 - Cluster UUID created efccf6d4-09d0-4ded-a508-8907db7bdb43
redpanda-1  | INFO  2026-02-22 14:00:42,183 [shard 0:main] cluster - controller_backend.cc:813 - Cleaning up orphan topic files. bootstrap_revision: -9223372036854775808
redpanda-1  | INFO  2026-02-22 14:00:42,183 [shard 0:main] cluster - feature_manager.cc:92 - Starting...
redpanda-1  | INFO  2026-02-22 14:00:42,183 [shard 0:main] cluster - feature_manager.cc:531 - Activating features after upgrade...
redpanda-1  | INFO  2026-02-22 14:00:42,183 [shard 0:main] cluster - feature_manager.cc:540 - Activating feature broker_time_based_retention (logical version 13)
redpanda-1  | INFO  2026-02-22 14:00:42,184 [shard 0:main] cluster - metrics_reporter.cc:290 - Waiting to initialize cluster metrics ID...
redpanda-1  | INFO  2026-02-22 14:00:42,184 [shard 0:main] cluster - partition_balancer_backend.cc:101 - partition balancer started
redpanda-1  | INFO  2026-02-22 14:00:42,184 [shard 0:main] data-migrate - data_migration_backend.cc:104 - backend starting
redpanda-1  | INFO  2026-02-22 14:00:42,184 [shard 0:main] data-migrate - data_migration_backend.cc:165 - backend not started as cloud_storage_api is not available
redpanda-1  | INFO  2026-02-22 14:00:42,184 [shard 0:main] cluster - leader_balancer.cc:104 - Leader balancer: controller leadership detected. Starting rebalancer in 30 seconds
redpanda-1  | INFO  2026-02-22 14:00:42,187 [shard 0:main] cluster - config_manager.cc:164 - Importing property auto_create_topics_enabled:1
redpanda-1  | INFO  2026-02-22 14:00:42,187 [shard 0:main] cluster - config_manager.cc:164 - Importing property storage_min_free_bytes:10485760
redpanda-1  | INFO  2026-02-22 14:00:42,187 [shard 0:main] cluster - config_manager.cc:164 - Importing property group_initial_rebalance_delay:0
redpanda-1  | INFO  2026-02-22 14:00:42,187 [shard 0:main] cluster - config_manager.cc:164 - Importing property write_caching_default:true
redpanda-1  | INFO  2026-02-22 14:00:42,187 [shard 0:main] cluster - config_manager.cc:164 - Importing property fetch_reads_debounce_timeout:10
redpanda-1  | INFO  2026-02-22 14:00:42,187 [shard 0:main] cluster - config_manager.cc:164 - Importing property log_segment_size_min:{1}
redpanda-1  | INFO  2026-02-22 14:00:42,187 [shard 0:main] cluster - config_manager.cc:164 - Importing property group_topic_partitions:3
redpanda-1  | WARN  2026-02-22 14:00:42,318 [shard 0:main] admin_api_server - server.cc:539 - Insecure Admin API listener on 0.0.0.0:9644, consider enabling `admin_api_require_auth`
redpanda-1  | INFO  2026-02-22 14:00:42,319 [shard 0:main] admin_api_server - server.cc:349 - Started HTTP admin service listening at {{:{host: 0.0.0.0, port: 9644}}}
redpanda-1  | INFO  2026-02-22 14:00:42,319 [shard 0:main] cluster - feature_backend.cc:149 - Saving feature_table_snapshot at version 13...
redpanda-1  | INFO  2026-02-22 14:00:42,319 [shard 0:main] resource_mgmt - storage.cc:73 - Starting disk space manager service (enabled)
redpanda-1  | INFO  2026-02-22 14:00:42,344 [shard 0:main] main - application.cc:2652 - Started Pandaproxy listening at {{:{host: 0.0.0.0, port: 8082}:<nullopt>}}
redpanda-1  | INFO  2026-02-22 14:00:42,358 [shard 0:main] main - application.cc:2660 - Started Schema Registry listening at {{:{host: 0.0.0.0, port: 8081}:<nullopt>}}
redpanda-1  | INFO  2026-02-22 14:00:42,358 [shard 0:main] main - application.cc:2995 - Waiting for cluster membership
redpanda-1  | INFO  2026-02-22 14:00:42,358 [shard 0:main] main - application.cc:3013 - Waiting for Cluster ID to initialize...
redpanda-1  | INFO  2026-02-22 14:00:42,359 [shard 0:main] cluster - metrics_reporter.cc:334 - Generated cluster metrics ID 8add1515-a79a-4336-a852-3143a0992749
redpanda-1  | INFO  2026-02-22 14:00:42,359 [shard 0:main] cluster - members_manager.cc:441 - applying node update command - broker: {id: 0, kafka_advertised_listeners: {{PLAINTEXT:{host: redpanda, port: 9092}}}, rpc_address: {host: 127.0.0.1, port: 33145}, rack: {nullopt}, properties: {cores 1, mem_available 1073741824, disk_available 1006, in_fips_mode disabled}}, offset: 3
redpanda-1  | INFO  2026-02-22 14:00:42,359 [shard 0:main] cluster - members_manager.cc:542 - processing node update command - broker: {id: 0, kafka_advertised_listeners: {{PLAINTEXT:{host: redpanda, port: 9092}}}, rpc_address: {host: 127.0.0.1, port: 33145}, rack: {nullopt}, properties: {cores 1, mem_available 1073741824, disk_available 1006, in_fips_mode disabled}}, offset: 3
redpanda-1  | INFO  2026-02-22 14:00:42,359 [shard 0:main] cluster - members_table.cc:111 - applying update node config command for: {id: 0, kafka_advertised_listeners: {{PLAINTEXT:{host: redpanda, port: 9092}}}, rpc_address: {host: 127.0.0.1, port: 33145}, rack: {nullopt}, properties: {cores 1, mem_available 1073741824, disk_available 1006, in_fips_mode disabled}}
redpanda-1  | INFO  2026-02-22 14:00:42,376 [shard 0:main] cluster - members_manager.cc:164 - Node configuration updated successfully
redpanda-1  | INFO  2026-02-22 14:00:42,391 [shard 0:main] cluster - config_manager.cc:136 - Completed bootstrap as leader
redpanda-1  | INFO  2026-02-22 14:00:42,391 [shard 0:main] cluster - config_manager.cc:124 - Bootstrap complete (version 1)
redpanda-1  | INFO  2026-02-22 14:00:42,455 [shard 0:main] main - application.cc:3024 - Started Kafka API server listening at {{PLAINTEXT:{host: 0.0.0.0, port: 9092}:{nullopt}}}
redpanda-1  | INFO  2026-02-22 14:00:42,455 [shard 0:main] main - application.cc:2703 - Successfully started Redpanda!
redpanda-1  | INFO  2026-02-22 14:00:42,457 [shard 0:main] cluster - metrics_reporter.cc:364 - Initialized cluster_id to 8add1515-a79a-4336-a852-3143a0992749
redpanda-1  | INFO  2026-02-22 14:00:43,709 [shard 0:main] cluster - topics_frontend.cc:151 - Create topics [{configuration: { topic: {kafka/orders.filled}, partition_count: 1, replication_factor: 1, is_migrated: false, properties: {compression: {nullopt}, cleanup_policy_bitflags: {nullopt}, compaction_strategy: {nullopt}, retention_bytes: {}, retention_duration_ms: {}, segment_size: {nullopt}, timestamp_type: {nullopt}, recovery_enabled: {nullopt}, shadow_indexing: {disabled}, read_replica: {nullopt}, read_replica_bucket: {nullopt}, remote_topic_namespace_override: {nullopt}, remote_topic_properties: {nullopt}, batch_max_bytes: {nullopt}, retention_local_target_bytes: {}, retention_local_target_ms: {}, remote_delete: true, segment_ms: {}, record_key_schema_id_validation: {nullopt}, record_key_schema_id_validation_compat: {nullopt}, record_key_subject_name_strategy:  {nullopt}, record_key_subject_name_strategy_compat: {nullopt}, record_value_schema_id_validation: {nullopt},  record_value_schema_id_validation_compat: {nullopt}, record_value_subject_name_strategy: {nullopt}, record_value_subject_name_strategy_compat: {nullopt}, initial_retention_local_target_bytes: {}, initial_retention_local_target_ms: {}, mpx_virtual_cluster_id: {nullopt}, write_caching: {nullopt}, flush_ms: {nullopt}, flush_bytes: {nullopt}, remote_label: {nullopt}}}, custom_assignments: {}},]
redpanda-1  | INFO  2026-02-22 14:00:43,709 [shard 0:main] cluster - topics_frontend.cc:151 - Create topics [{configuration: { topic: {kafka/genai.review.created}, partition_count: 1, replication_factor: 1, is_migrated: false, properties: {compression: {nullopt}, cleanup_policy_bitflags: {nullopt}, compaction_strategy: {nullopt}, retention_bytes: {}, retention_duration_ms: {}, segment_size: {nullopt}, timestamp_type: {nullopt}, recovery_enabled: {nullopt}, shadow_indexing: {disabled}, read_replica: {nullopt}, read_replica_bucket: {nullopt}, remote_topic_namespace_override: {nullopt}, remote_topic_properties: {nullopt}, batch_max_bytes: {nullopt}, retention_local_target_bytes: {}, retention_local_target_ms: {}, remote_delete: true, segment_ms: {}, record_key_schema_id_validation: {nullopt}, record_key_schema_id_validation_compat: {nullopt}, record_key_subject_name_strategy:  {nullopt}, record_key_subject_name_strategy_compat: {nullopt}, record_value_schema_id_validation: {nullopt},  record_value_schema_id_validation_compat: {nullopt}, record_value_subject_name_strategy: {nullopt}, record_value_subject_name_strategy_compat: {nullopt}, initial_retention_local_target_bytes: {}, initial_retention_local_target_ms: {}, mpx_virtual_cluster_id: {nullopt}, write_caching: {nullopt}, flush_ms: {nullopt}, flush_bytes: {nullopt}, remote_label: {nullopt}}}, custom_assignments: {}},]
redpanda-1  | INFO  2026-02-22 14:00:43,709 [shard 0:main] cluster - topics_frontend.cc:151 - Create topics [{configuration: { topic: {kafka/workflow.approved}, partition_count: 1, replication_factor: 1, is_migrated: false, properties: {compression: {nullopt}, cleanup_policy_bitflags: {nullopt}, compaction_strategy: {nullopt}, retention_bytes: {}, retention_duration_ms: {}, segment_size: {nullopt}, timestamp_type: {nullopt}, recovery_enabled: {nullopt}, shadow_indexing: {disabled}, read_replica: {nullopt}, read_replica_bucket: {nullopt}, remote_topic_namespace_override: {nullopt}, remote_topic_properties: {nullopt}, batch_max_bytes: {nullopt}, retention_local_target_bytes: {}, retention_local_target_ms: {}, remote_delete: true, segment_ms: {}, record_key_schema_id_validation: {nullopt}, record_key_schema_id_validation_compat: {nullopt}, record_key_subject_name_strategy:  {nullopt}, record_key_subject_name_strategy_compat: {nullopt}, record_value_schema_id_validation: {nullopt},  record_value_schema_id_validation_compat: {nullopt}, record_value_subject_name_strategy: {nullopt}, record_value_subject_name_strategy_compat: {nullopt}, initial_retention_local_target_bytes: {}, initial_retention_local_target_ms: {}, mpx_virtual_cluster_id: {nullopt}, write_caching: {nullopt}, flush_ms: {nullopt}, flush_bytes: {nullopt}, remote_label: {nullopt}}}, custom_assignments: {}},]
redpanda-1  | INFO  2026-02-22 14:00:43,709 [shard 0:main] cluster - topics_frontend.cc:151 - Create topics [{configuration: { topic: {kafka/audit.logged}, partition_count: 1, replication_factor: 1, is_migrated: false, properties: {compression: {nullopt}, cleanup_policy_bitflags: {nullopt}, compaction_strategy: {nullopt}, retention_bytes: {}, retention_duration_ms: {}, segment_size: {nullopt}, timestamp_type: {nullopt}, recovery_enabled: {nullopt}, shadow_indexing: {disabled}, read_replica: {nullopt}, read_replica_bucket: {nullopt}, remote_topic_namespace_override: {nullopt}, remote_topic_properties: {nullopt}, batch_max_bytes: {nullopt}, retention_local_target_bytes: {}, retention_local_target_ms: {}, remote_delete: true, segment_ms: {}, record_key_schema_id_validation: {nullopt}, record_key_schema_id_validation_compat: {nullopt}, record_key_subject_name_strategy:  {nullopt}, record_key_subject_name_strategy_compat: {nullopt}, record_value_schema_id_validation: {nullopt},  record_value_schema_id_validation_compat: {nullopt}, record_value_subject_name_strategy: {nullopt}, record_value_subject_name_strategy_compat: {nullopt}, initial_retention_local_target_bytes: {}, initial_retention_local_target_ms: {}, mpx_virtual_cluster_id: {nullopt}, write_caching: {nullopt}, flush_ms: {nullopt}, flush_bytes: {nullopt}, remote_label: {nullopt}}}, custom_assignments: {}},]
redpanda-1  | INFO  2026-02-22 14:00:43,709 [shard 0:main] cluster - topics_frontend.cc:151 - Create topics [{configuration: { topic: {kafka/risk.breach}, partition_count: 1, replication_factor: 1, is_migrated: false, properties: {compression: {nullopt}, cleanup_policy_bitflags: {nullopt}, compaction_strategy: {nullopt}, retention_bytes: {}, retention_duration_ms: {}, segment_size: {nullopt}, timestamp_type: {nullopt}, recovery_enabled: {nullopt}, shadow_indexing: {disabled}, read_replica: {nullopt}, read_replica_bucket: {nullopt}, remote_topic_namespace_override: {nullopt}, remote_topic_properties: {nullopt}, batch_max_bytes: {nullopt}, retention_local_target_bytes: {}, retention_local_target_ms: {}, remote_delete: true, segment_ms: {}, record_key_schema_id_validation: {nullopt}, record_key_schema_id_validation_compat: {nullopt}, record_key_subject_name_strategy:  {nullopt}, record_key_subject_name_strategy_compat: {nullopt}, record_value_schema_id_validation: {nullopt},  record_value_schema_id_validation_compat: {nullopt}, record_value_subject_name_strategy: {nullopt}, record_value_subject_name_strategy_compat: {nullopt}, initial_retention_local_target_bytes: {}, initial_retention_local_target_ms: {}, mpx_virtual_cluster_id: {nullopt}, write_caching: {nullopt}, flush_ms: {nullopt}, flush_bytes: {nullopt}, remote_label: {nullopt}}}, custom_assignments: {}},]
redpanda-1  | INFO  2026-02-22 14:00:43,710 [shard 0:main] cluster - topics_frontend.cc:151 - Create topics [{configuration: { topic: {kafka/workflow.requested}, partition_count: 1, replication_factor: 1, is_migrated: false, properties: {compression: {nullopt}, cleanup_policy_bitflags: {nullopt}, compaction_strategy: {nullopt}, retention_bytes: {}, retention_duration_ms: {}, segment_size: {nullopt}, timestamp_type: {nullopt}, recovery_enabled: {nullopt}, shadow_indexing: {disabled}, read_replica: {nullopt}, read_replica_bucket: {nullopt}, remote_topic_namespace_override: {nullopt}, remote_topic_properties: {nullopt}, batch_max_bytes: {nullopt}, retention_local_target_bytes: {}, retention_local_target_ms: {}, remote_delete: true, segment_ms: {}, record_key_schema_id_validation: {nullopt}, record_key_schema_id_validation_compat: {nullopt}, record_key_subject_name_strategy:  {nullopt}, record_key_subject_name_strategy_compat: {nullopt}, record_value_schema_id_validation: {nullopt},  record_value_schema_id_validation_compat: {nullopt}, record_value_subject_name_strategy: {nullopt}, record_value_subject_name_strategy_compat: {nullopt}, initial_retention_local_target_bytes: {}, initial_retention_local_target_ms: {}, mpx_virtual_cluster_id: {nullopt}, write_caching: {nullopt}, flush_ms: {nullopt}, flush_bytes: {nullopt}, remote_label: {nullopt}}}, custom_assignments: {}},]
redpanda-1  | INFO  2026-02-22 14:00:43,755 [shard 0:main] raft - [group_id:2, {kafka/genai.review.created/0}] consensus.cc:1403 - Starting with voted_for {id: -2147483648, revision: -9223372036854775808} term 0 initial_state true
redpanda-1  | INFO  2026-02-22 14:00:43,767 [shard 0:main] raft - [group_id:3, {kafka/workflow.approved/0}] consensus.cc:1403 - Starting with voted_for {id: -2147483648, revision: -9223372036854775808} term 0 initial_state true
redpanda-1  | INFO  2026-02-22 14:00:43,767 [shard 0:main] raft - [group_id:5, {kafka/risk.breach/0}] consensus.cc:1403 - Starting with voted_for {id: -2147483648, revision: -9223372036854775808} term 0 initial_state true
redpanda-1  | INFO  2026-02-22 14:00:43,767 [shard 0:main] raft - [group_id:6, {kafka/workflow.requested/0}] consensus.cc:1403 - Starting with voted_for {id: -2147483648, revision: -9223372036854775808} term 0 initial_state true
redpanda-1  | INFO  2026-02-22 14:00:43,767 [shard 0:main] raft - [group_id:1, {kafka/orders.filled/0}] consensus.cc:1403 - Starting with voted_for {id: -2147483648, revision: -9223372036854775808} term 0 initial_state true
redpanda-1  | INFO  2026-02-22 14:00:43,767 [shard 0:main] raft - [group_id:4, {kafka/audit.logged/0}] consensus.cc:1403 - Starting with voted_for {id: -2147483648, revision: -9223372036854775808} term 0 initial_state true
redpanda-1  | INFO  2026-02-22 14:00:43,778 [shard 0:main] offset_translator - ntp: {kafka/genai.review.created/0} - offset_translator.cc:120 - resetting offset translation state
redpanda-1  | INFO  2026-02-22 14:00:43,779 [shard 0:main] offset_translator - ntp: {kafka/workflow.approved/0} - offset_translator.cc:120 - resetting offset translation state
redpanda-1  | INFO  2026-02-22 14:00:43,779 [shard 0:main] offset_translator - ntp: {kafka/risk.breach/0} - offset_translator.cc:120 - resetting offset translation state
redpanda-1  | INFO  2026-02-22 14:00:43,789 [shard 0:main] offset_translator - ntp: {kafka/workflow.requested/0} - offset_translator.cc:120 - resetting offset translation state
redpanda-1  | INFO  2026-02-22 14:00:43,789 [shard 0:main] offset_translator - ntp: {kafka/orders.filled/0} - offset_translator.cc:120 - resetting offset translation state
redpanda-1  | INFO  2026-02-22 14:00:43,789 [shard 0:main] offset_translator - ntp: {kafka/audit.logged/0} - offset_translator.cc:120 - resetting offset translation state
redpanda-1  | INFO  2026-02-22 14:00:43,800 [shard 0:main] offset_translator - ntp: {kafka/genai.review.created/0} - offset_translator.cc:166 - started, state: {base offset/delta: -9223372036854775808/0, map size: 1, last delta: 0}, highest_known_offset: -9223372036854775808
redpanda-1  | INFO  2026-02-22 14:00:43,800 [shard 0:main] offset_translator - ntp: {kafka/workflow.approved/0} - offset_translator.cc:166 - started, state: {base offset/delta: -9223372036854775808/0, map size: 1, last delta: 0}, highest_known_offset: -9223372036854775808
redpanda-1  | INFO  2026-02-22 14:00:43,800 [shard 0:main] offset_translator - ntp: {kafka/risk.breach/0} - offset_translator.cc:166 - started, state: {base offset/delta: -9223372036854775808/0, map size: 1, last delta: 0}, highest_known_offset: -9223372036854775808
redpanda-1  | INFO  2026-02-22 14:00:43,800 [shard 0:main] raft - [group_id:2, {kafka/genai.review.created/0}] consensus.cc:1447 - Current log offsets: {start_offset:-9223372036854775808, committed_offset:-9223372036854775808, committed_offset_term:-9223372036854775808, dirty_offset:-9223372036854775808, dirty_offset_term:-9223372036854775808}, read bootstrap state: data_seen 0 config_seen 0 eol false commit 0 term 0 prev_idx 0 prev_term 0 config_tracker -9223372036854775808 commit_base_tracker -9223372036854775808 configurations {}
redpanda-1  | INFO  2026-02-22 14:00:43,800 [shard 0:main] raft - [group_id:2, {kafka/genai.review.created/0}] consensus.cc:1469 - Truncating configurations at -9223372036854775808
redpanda-1  | INFO  2026-02-22 14:00:43,800 [shard 0:main] raft - [group_id:3, {kafka/workflow.approved/0}] consensus.cc:1447 - Current log offsets: {start_offset:-9223372036854775808, committed_offset:-9223372036854775808, committed_offset_term:-9223372036854775808, dirty_offset:-9223372036854775808, dirty_offset_term:-9223372036854775808}, read bootstrap state: data_seen 0 config_seen 0 eol false commit 0 term 0 prev_idx 0 prev_term 0 config_tracker -9223372036854775808 commit_base_tracker -9223372036854775808 configurations {}
redpanda-1  | INFO  2026-02-22 14:00:43,800 [shard 0:main] raft - [group_id:3, {kafka/workflow.approved/0}] consensus.cc:1469 - Truncating configurations at -9223372036854775808
redpanda-1  | INFO  2026-02-22 14:00:43,800 [shard 0:main] raft - [group_id:5, {kafka/risk.breach/0}] consensus.cc:1447 - Current log offsets: {start_offset:-9223372036854775808, committed_offset:-9223372036854775808, committed_offset_term:-9223372036854775808, dirty_offset:-9223372036854775808, dirty_offset_term:-9223372036854775808}, read bootstrap state: data_seen 0 config_seen 0 eol false commit 0 term 0 prev_idx 0 prev_term 0 config_tracker -9223372036854775808 commit_base_tracker -9223372036854775808 configurations {}
redpanda-1  | INFO  2026-02-22 14:00:43,800 [shard 0:main] raft - [group_id:5, {kafka/risk.breach/0}] consensus.cc:1469 - Truncating configurations at -9223372036854775808
redpanda-1  | INFO  2026-02-22 14:00:43,811 [shard 0:main] offset_translator - ntp: {kafka/workflow.requested/0} - offset_translator.cc:166 - started, state: {base offset/delta: -9223372036854775808/0, map size: 1, last delta: 0}, highest_known_offset: -9223372036854775808
redpanda-1  | INFO  2026-02-22 14:00:43,811 [shard 0:main] offset_translator - ntp: {kafka/orders.filled/0} - offset_translator.cc:166 - started, state: {base offset/delta: -9223372036854775808/0, map size: 1, last delta: 0}, highest_known_offset: -9223372036854775808
redpanda-1  | INFO  2026-02-22 14:00:43,811 [shard 0:main] offset_translator - ntp: {kafka/audit.logged/0} - offset_translator.cc:166 - started, state: {base offset/delta: -9223372036854775808/0, map size: 1, last delta: 0}, highest_known_offset: -9223372036854775808
redpanda-1  | INFO  2026-02-22 14:00:43,811 [shard 0:main] raft - [group_id:6, {kafka/workflow.requested/0}] consensus.cc:1447 - Current log offsets: {start_offset:-9223372036854775808, committed_offset:-9223372036854775808, committed_offset_term:-9223372036854775808, dirty_offset:-9223372036854775808, dirty_offset_term:-9223372036854775808}, read bootstrap state: data_seen 0 config_seen 0 eol false commit 0 term 0 prev_idx 0 prev_term 0 config_tracker -9223372036854775808 commit_base_tracker -9223372036854775808 configurations {}
redpanda-1  | INFO  2026-02-22 14:00:43,811 [shard 0:main] raft - [group_id:6, {kafka/workflow.requested/0}] consensus.cc:1469 - Truncating configurations at -9223372036854775808
redpanda-1  | INFO  2026-02-22 14:00:43,811 [shard 0:main] raft - [group_id:1, {kafka/orders.filled/0}] consensus.cc:1447 - Current log offsets: {start_offset:-9223372036854775808, committed_offset:-9223372036854775808, committed_offset_term:-9223372036854775808, dirty_offset:-9223372036854775808, dirty_offset_term:-9223372036854775808}, read bootstrap state: data_seen 0 config_seen 0 eol false commit 0 term 0 prev_idx 0 prev_term 0 config_tracker -9223372036854775808 commit_base_tracker -9223372036854775808 configurations {}
redpanda-1  | INFO  2026-02-22 14:00:43,811 [shard 0:main] raft - [group_id:1, {kafka/orders.filled/0}] consensus.cc:1469 - Truncating configurations at -9223372036854775808
redpanda-1  | INFO  2026-02-22 14:00:43,811 [shard 0:main] raft - [group_id:4, {kafka/audit.logged/0}] consensus.cc:1447 - Current log offsets: {start_offset:-9223372036854775808, committed_offset:-9223372036854775808, committed_offset_term:-9223372036854775808, dirty_offset:-9223372036854775808, dirty_offset_term:-9223372036854775808}, read bootstrap state: data_seen 0 config_seen 0 eol false commit 0 term 0 prev_idx 0 prev_term 0 config_tracker -9223372036854775808 commit_base_tracker -9223372036854775808 configurations {}
redpanda-1  | INFO  2026-02-22 14:00:43,811 [shard 0:main] raft - [group_id:4, {kafka/audit.logged/0}] consensus.cc:1469 - Truncating configurations at -9223372036854775808
redpanda-1  | INFO  2026-02-22 14:00:43,822 [shard 0:main] raft - [group_id:2, {kafka/genai.review.created/0}] consensus.cc:934 - starting pre-vote leader election, current term: 0, leadership transfer: false
redpanda-1  | INFO  2026-02-22 14:00:43,822 [shard 0:main] raft - [group_id:3, {kafka/workflow.approved/0}] consensus.cc:934 - starting pre-vote leader election, current term: 0, leadership transfer: false
redpanda-1  | INFO  2026-02-22 14:00:43,822 [shard 0:main] raft - [group_id:5, {kafka/risk.breach/0}] consensus.cc:934 - starting pre-vote leader election, current term: 0, leadership transfer: false
redpanda-1  | INFO  2026-02-22 14:00:43,833 [shard 0:main] raft - [group_id:6, {kafka/workflow.requested/0}] consensus.cc:934 - starting pre-vote leader election, current term: 0, leadership transfer: false
redpanda-1  | INFO  2026-02-22 14:00:43,833 [shard 0:main] raft - [group_id:1, {kafka/orders.filled/0}] consensus.cc:934 - starting pre-vote leader election, current term: 0, leadership transfer: false
redpanda-1  | INFO  2026-02-22 14:00:43,833 [shard 0:main] raft - [group_id:4, {kafka/audit.logged/0}] consensus.cc:934 - starting pre-vote leader election, current term: 0, leadership transfer: false
redpanda-1  | INFO  2026-02-22 14:00:43,844 [shard 0:main] raft - [group_id:2, {kafka/genai.review.created/0}] consensus.cc:1580 - started raft, log offsets: {start_offset:-9223372036854775808, committed_offset:-9223372036854775808, committed_offset_term:-9223372036854775808, dirty_offset:-9223372036854775808, dirty_offset_term:-9223372036854775808}, term: 0, configuration: {current: {voters: {{id: 0, revision: 8}}, learners: {}}, old:{nullopt}, revision: 8, update: {nullopt}, version: 5}}
redpanda-1  | INFO  2026-02-22 14:00:43,844 [shard 0:main] raft - [group_id:3, {kafka/workflow.approved/0}] consensus.cc:1580 - started raft, log offsets: {start_offset:-9223372036854775808, committed_offset:-9223372036854775808, committed_offset_term:-9223372036854775808, dirty_offset:-9223372036854775808, dirty_offset_term:-9223372036854775808}, term: 0, configuration: {current: {voters: {{id: 0, revision: 10}}, learners: {}}, old:{nullopt}, revision: 10, update: {nullopt}, version: 5}}
redpanda-1  | INFO  2026-02-22 14:00:43,844 [shard 0:main] raft - [group_id:5, {kafka/risk.breach/0}] consensus.cc:1580 - started raft, log offsets: {start_offset:-9223372036854775808, committed_offset:-9223372036854775808, committed_offset_term:-9223372036854775808, dirty_offset:-9223372036854775808, dirty_offset_term:-9223372036854775808}, term: 0, configuration: {current: {voters: {{id: 0, revision: 11}}, learners: {}}, old:{nullopt}, revision: 11, update: {nullopt}, version: 5}}
redpanda-1  | INFO  2026-02-22 14:00:43,855 [shard 0:main] raft - [group_id:2, {kafka/genai.review.created/0}] vote_stm.cc:418 - becoming the leader term:1
redpanda-1  | INFO  2026-02-22 14:00:43,855 [shard 0:main] storage - segment.cc:811 - Creating new segment /var/lib/redpanda/data/kafka/genai.review.created/0_8/0-1-v1.log
redpanda-1  | INFO  2026-02-22 14:00:43,855 [shard 0:main] raft - [group_id:3, {kafka/workflow.approved/0}] vote_stm.cc:418 - becoming the leader term:1
redpanda-1  | INFO  2026-02-22 14:00:43,855 [shard 0:main] storage - segment.cc:811 - Creating new segment /var/lib/redpanda/data/kafka/workflow.approved/0_10/0-1-v1.log
redpanda-1  | INFO  2026-02-22 14:00:43,855 [shard 0:main] raft - [group_id:5, {kafka/risk.breach/0}] vote_stm.cc:418 - becoming the leader term:1
redpanda-1  | INFO  2026-02-22 14:00:43,856 [shard 0:main] storage - segment.cc:811 - Creating new segment /var/lib/redpanda/data/kafka/risk.breach/0_11/0-1-v1.log
redpanda-1  | INFO  2026-02-22 14:00:43,856 [shard 0:main] raft - [group_id:6, {kafka/workflow.requested/0}] consensus.cc:1580 - started raft, log offsets: {start_offset:-9223372036854775808, committed_offset:-9223372036854775808, committed_offset_term:-9223372036854775808, dirty_offset:-9223372036854775808, dirty_offset_term:-9223372036854775808}, term: 0, configuration: {current: {voters: {{id: 0, revision: 13}}, learners: {}}, old:{nullopt}, revision: 13, update: {nullopt}, version: 5}}
redpanda-1  | INFO  2026-02-22 14:00:43,856 [shard 0:main] raft - [group_id:1, {kafka/orders.filled/0}] consensus.cc:1580 - started raft, log offsets: {start_offset:-9223372036854775808, committed_offset:-9223372036854775808, committed_offset_term:-9223372036854775808, dirty_offset:-9223372036854775808, dirty_offset_term:-9223372036854775808}, term: 0, configuration: {current: {voters: {{id: 0, revision: 9}}, learners: {}}, old:{nullopt}, revision: 9, update: {nullopt}, version: 5}}
redpanda-1  | INFO  2026-02-22 14:00:43,856 [shard 0:main] raft - [group_id:4, {kafka/audit.logged/0}] consensus.cc:1580 - started raft, log offsets: {start_offset:-9223372036854775808, committed_offset:-9223372036854775808, committed_offset_term:-9223372036854775808, dirty_offset:-9223372036854775808, dirty_offset_term:-9223372036854775808}, term: 0, configuration: {current: {voters: {{id: 0, revision: 12}}, learners: {}}, old:{nullopt}, revision: 12, update: {nullopt}, version: 5}}
redpanda-1  | INFO  2026-02-22 14:00:43,868 [shard 0:main] raft - [group_id:6, {kafka/workflow.requested/0}] vote_stm.cc:418 - becoming the leader term:1
redpanda-1  | INFO  2026-02-22 14:00:43,868 [shard 0:main] storage - segment.cc:811 - Creating new segment /var/lib/redpanda/data/kafka/workflow.requested/0_13/0-1-v1.log
redpanda-1  | INFO  2026-02-22 14:00:43,868 [shard 0:main] raft - [group_id:1, {kafka/orders.filled/0}] vote_stm.cc:418 - becoming the leader term:1
redpanda-1  | INFO  2026-02-22 14:00:43,868 [shard 0:main] storage - segment.cc:811 - Creating new segment /var/lib/redpanda/data/kafka/orders.filled/0_9/0-1-v1.log
redpanda-1  | INFO  2026-02-22 14:00:43,868 [shard 0:main] raft - [group_id:4, {kafka/audit.logged/0}] vote_stm.cc:418 - becoming the leader term:1
redpanda-1  | INFO  2026-02-22 14:00:43,868 [shard 0:main] storage - segment.cc:811 - Creating new segment /var/lib/redpanda/data/kafka/audit.logged/0_12/0-1-v1.log
redpanda-1  | INFO  2026-02-22 14:00:43,882 [shard 0:main] tx - [{kafka/risk.breach/0}] - rm_stm.cc:109 - Setting bootstrap committed offset to: 0
redpanda-1  | INFO  2026-02-22 14:00:43,882 [shard 0:main] raft - [group_id:5, {kafka/risk.breach/0}] vote_stm.cc:433 - became the leader term: 1
redpanda-1  | INFO  2026-02-22 14:00:43,882 [shard 0:main] tx - [{kafka/workflow.approved/0}] - rm_stm.cc:109 - Setting bootstrap committed offset to: 0
redpanda-1  | INFO  2026-02-22 14:00:43,882 [shard 0:main] raft - [group_id:3, {kafka/workflow.approved/0}] vote_stm.cc:433 - became the leader term: 1
redpanda-1  | INFO  2026-02-22 14:00:43,884 [shard 0:main] tx - [{kafka/genai.review.created/0}] - rm_stm.cc:109 - Setting bootstrap committed offset to: 0
redpanda-1  | INFO  2026-02-22 14:00:43,884 [shard 0:main] raft - [group_id:2, {kafka/genai.review.created/0}] vote_stm.cc:433 - became the leader term: 1
redpanda-1  | INFO  2026-02-22 14:00:43,892 [shard 0:main] tx - [{kafka/audit.logged/0}] - rm_stm.cc:109 - Setting bootstrap committed offset to: 0
redpanda-1  | INFO  2026-02-22 14:00:43,892 [shard 0:main] raft - [group_id:4, {kafka/audit.logged/0}] vote_stm.cc:433 - became the leader term: 1
redpanda-1  | INFO  2026-02-22 14:00:43,894 [shard 0:main] tx - [{kafka/orders.filled/0}] - rm_stm.cc:109 - Setting bootstrap committed offset to: 0
redpanda-1  | INFO  2026-02-22 14:00:43,894 [shard 0:main] raft - [group_id:1, {kafka/orders.filled/0}] vote_stm.cc:433 - became the leader term: 1
redpanda-1  | INFO  2026-02-22 14:00:43,897 [shard 0:main] tx - [{kafka/workflow.requested/0}] - rm_stm.cc:109 - Setting bootstrap committed offset to: 0
redpanda-1  | INFO  2026-02-22 14:00:43,897 [shard 0:main] raft - [group_id:6, {kafka/workflow.requested/0}] vote_stm.cc:433 - became the leader term: 1
redpanda-1  | INFO  2026-02-22 14:00:43,917 [shard 0:main] cluster - topics_frontend.cc:151 - Create topics [{configuration: { topic: {kafka/__consumer_offsets}, partition_count: 3, replication_factor: 1, is_migrated: false, properties: {compression: {nullopt}, cleanup_policy_bitflags: {compact}, compaction_strategy: {nullopt}, retention_bytes: {}, retention_duration_ms: {}, segment_size: {nullopt}, timestamp_type: {nullopt}, recovery_enabled: {nullopt}, shadow_indexing: {disabled}, read_replica: {nullopt}, read_replica_bucket: {nullopt}, remote_topic_namespace_override: {nullopt}, remote_topic_properties: {nullopt}, batch_max_bytes: {nullopt}, retention_local_target_bytes: {}, retention_local_target_ms: {}, remote_delete: true, segment_ms: {}, record_key_schema_id_validation: {nullopt}, record_key_schema_id_validation_compat: {nullopt}, record_key_subject_name_strategy:  {nullopt}, record_key_subject_name_strategy_compat: {nullopt}, record_value_schema_id_validation: {nullopt},  record_value_schema_id_validation_compat: {nullopt}, record_value_subject_name_strategy: {nullopt}, record_value_subject_name_strategy_compat: {nullopt}, initial_retention_local_target_bytes: {}, initial_retention_local_target_ms: {}, mpx_virtual_cluster_id: {nullopt}, write_caching: {nullopt}, flush_ms: {nullopt}, flush_bytes: {nullopt}, remote_label: {nullopt}}}, custom_assignments: {}},]
redpanda-1  | INFO  2026-02-22 14:00:43,956 [shard 0:main] raft - [group_id:7, {kafka/__consumer_offsets/0}] consensus.cc:1403 - Starting with voted_for {id: -2147483648, revision: -9223372036854775808} term 0 initial_state true
redpanda-1  | INFO  2026-02-22 14:00:43,958 [shard 0:main] raft - [group_id:8, {kafka/__consumer_offsets/1}] consensus.cc:1403 - Starting with voted_for {id: -2147483648, revision: -9223372036854775808} term 0 initial_state true
redpanda-1  | INFO  2026-02-22 14:00:43,958 [shard 0:main] raft - [group_id:9, {kafka/__consumer_offsets/2}] consensus.cc:1403 - Starting with voted_for {id: -2147483648, revision: -9223372036854775808} term 0 initial_state true
redpanda-1  | INFO  2026-02-22 14:00:43,984 [shard 0:main] offset_translator - ntp: {kafka/__consumer_offsets/0} - offset_translator.cc:120 - resetting offset translation state
redpanda-1  | INFO  2026-02-22 14:00:43,984 [shard 0:main] offset_translator - ntp: {kafka/__consumer_offsets/1} - offset_translator.cc:120 - resetting offset translation state
redpanda-1  | INFO  2026-02-22 14:00:43,984 [shard 0:main] offset_translator - ntp: {kafka/__consumer_offsets/2} - offset_translator.cc:120 - resetting offset translation state
redpanda-1  | INFO  2026-02-22 14:00:44,005 [shard 0:main] offset_translator - ntp: {kafka/__consumer_offsets/0} - offset_translator.cc:166 - started, state: {base offset/delta: -9223372036854775808/0, map size: 1, last delta: 0}, highest_known_offset: -9223372036854775808
redpanda-1  | INFO  2026-02-22 14:00:44,006 [shard 0:main] offset_translator - ntp: {kafka/__consumer_offsets/1} - offset_translator.cc:166 - started, state: {base offset/delta: -9223372036854775808/0, map size: 1, last delta: 0}, highest_known_offset: -9223372036854775808
redpanda-1  | INFO  2026-02-22 14:00:44,006 [shard 0:main] offset_translator - ntp: {kafka/__consumer_offsets/2} - offset_translator.cc:166 - started, state: {base offset/delta: -9223372036854775808/0, map size: 1, last delta: 0}, highest_known_offset: -9223372036854775808
redpanda-1  | INFO  2026-02-22 14:00:44,006 [shard 0:main] raft - [group_id:7, {kafka/__consumer_offsets/0}] consensus.cc:1447 - Current log offsets: {start_offset:-9223372036854775808, committed_offset:-9223372036854775808, committed_offset_term:-9223372036854775808, dirty_offset:-9223372036854775808, dirty_offset_term:-9223372036854775808}, read bootstrap state: data_seen 0 config_seen 0 eol false commit 0 term 0 prev_idx 0 prev_term 0 config_tracker -9223372036854775808 commit_base_tracker -9223372036854775808 configurations {}
redpanda-1  | INFO  2026-02-22 14:00:44,006 [shard 0:main] raft - [group_id:7, {kafka/__consumer_offsets/0}] consensus.cc:1469 - Truncating configurations at -9223372036854775808
redpanda-1  | INFO  2026-02-22 14:00:44,006 [shard 0:main] raft - [group_id:8, {kafka/__consumer_offsets/1}] consensus.cc:1447 - Current log offsets: {start_offset:-9223372036854775808, committed_offset:-9223372036854775808, committed_offset_term:-9223372036854775808, dirty_offset:-9223372036854775808, dirty_offset_term:-9223372036854775808}, read bootstrap state: data_seen 0 config_seen 0 eol false commit 0 term 0 prev_idx 0 prev_term 0 config_tracker -9223372036854775808 commit_base_tracker -9223372036854775808 configurations {}
redpanda-1  | INFO  2026-02-22 14:00:44,006 [shard 0:main] raft - [group_id:8, {kafka/__consumer_offsets/1}] consensus.cc:1469 - Truncating configurations at -9223372036854775808
redpanda-1  | INFO  2026-02-22 14:00:44,006 [shard 0:main] raft - [group_id:9, {kafka/__consumer_offsets/2}] consensus.cc:1447 - Current log offsets: {start_offset:-9223372036854775808, committed_offset:-9223372036854775808, committed_offset_term:-9223372036854775808, dirty_offset:-9223372036854775808, dirty_offset_term:-9223372036854775808}, read bootstrap state: data_seen 0 config_seen 0 eol false commit 0 term 0 prev_idx 0 prev_term 0 config_tracker -9223372036854775808 commit_base_tracker -9223372036854775808 configurations {}
redpanda-1  | INFO  2026-02-22 14:00:44,006 [shard 0:main] raft - [group_id:9, {kafka/__consumer_offsets/2}] consensus.cc:1469 - Truncating configurations at -9223372036854775808
redpanda-1  | INFO  2026-02-22 14:00:44,027 [shard 0:main] raft - [group_id:7, {kafka/__consumer_offsets/0}] consensus.cc:934 - starting pre-vote leader election, current term: 0, leadership transfer: false
redpanda-1  | INFO  2026-02-22 14:00:44,027 [shard 0:main] raft - [group_id:8, {kafka/__consumer_offsets/1}] consensus.cc:934 - starting pre-vote leader election, current term: 0, leadership transfer: false
redpanda-1  | INFO  2026-02-22 14:00:44,027 [shard 0:main] raft - [group_id:9, {kafka/__consumer_offsets/2}] consensus.cc:934 - starting pre-vote leader election, current term: 0, leadership transfer: false
redpanda-1  | INFO  2026-02-22 14:00:44,040 [shard 0:main] raft - [group_id:7, {kafka/__consumer_offsets/0}] consensus.cc:1580 - started raft, log offsets: {start_offset:-9223372036854775808, committed_offset:-9223372036854775808, committed_offset_term:-9223372036854775808, dirty_offset:-9223372036854775808, dirty_offset_term:-9223372036854775808}, term: 0, configuration: {current: {voters: {{id: 0, revision: 14}}, learners: {}}, old:{nullopt}, revision: 14, update: {nullopt}, version: 5}}
redpanda-1  | INFO  2026-02-22 14:00:44,040 [shard 0:main] raft - [group_id:8, {kafka/__consumer_offsets/1}] consensus.cc:1580 - started raft, log offsets: {start_offset:-9223372036854775808, committed_offset:-9223372036854775808, committed_offset_term:-9223372036854775808, dirty_offset:-9223372036854775808, dirty_offset_term:-9223372036854775808}, term: 0, configuration: {current: {voters: {{id: 0, revision: 14}}, learners: {}}, old:{nullopt}, revision: 14, update: {nullopt}, version: 5}}
redpanda-1  | INFO  2026-02-22 14:00:44,041 [shard 0:main] raft - [group_id:9, {kafka/__consumer_offsets/2}] consensus.cc:1580 - started raft, log offsets: {start_offset:-9223372036854775808, committed_offset:-9223372036854775808, committed_offset_term:-9223372036854775808, dirty_offset:-9223372036854775808, dirty_offset_term:-9223372036854775808}, term: 0, configuration: {current: {voters: {{id: 0, revision: 14}}, learners: {}}, old:{nullopt}, revision: 14, update: {nullopt}, version: 5}}
redpanda-1  | INFO  2026-02-22 14:00:44,057 [shard 0:main] raft - [group_id:7, {kafka/__consumer_offsets/0}] vote_stm.cc:418 - becoming the leader term:1
redpanda-1  | INFO  2026-02-22 14:00:44,057 [shard 0:main] storage - segment.cc:811 - Creating new segment /var/lib/redpanda/data/kafka/__consumer_offsets/0_14/0-1-v1.log
redpanda-1  | INFO  2026-02-22 14:00:44,057 [shard 0:main] raft - [group_id:8, {kafka/__consumer_offsets/1}] vote_stm.cc:418 - becoming the leader term:1
redpanda-1  | INFO  2026-02-22 14:00:44,057 [shard 0:main] storage - segment.cc:811 - Creating new segment /var/lib/redpanda/data/kafka/__consumer_offsets/1_14/0-1-v1.log
redpanda-1  | INFO  2026-02-22 14:00:44,057 [shard 0:main] raft - [group_id:9, {kafka/__consumer_offsets/2}] vote_stm.cc:418 - becoming the leader term:1
redpanda-1  | INFO  2026-02-22 14:00:44,057 [shard 0:main] storage - segment.cc:811 - Creating new segment /var/lib/redpanda/data/kafka/__consumer_offsets/2_14/0-1-v1.log
redpanda-1  | INFO  2026-02-22 14:00:44,104 [shard 0:main] raft - [group_id:9, {kafka/__consumer_offsets/2}] vote_stm.cc:433 - became the leader term: 1
redpanda-1  | INFO  2026-02-22 14:00:44,104 [shard 0:main] raft - [group_id:8, {kafka/__consumer_offsets/1}] vote_stm.cc:433 - became the leader term: 1
redpanda-1  | INFO  2026-02-22 14:00:44,105 [shard 0:main] raft - [group_id:7, {kafka/__consumer_offsets/0}] vote_stm.cc:433 - became the leader term: 1
redpanda-1  | INFO  2026-02-22 14:00:44,106 [shard 0:main] kafka - group_manager.cc:911 - Scheduling write of offset retention feature fence for partition {log:{offsets: {start_offset:0, committed_offset:0, committed_offset_term:1, dirty_offset:0, dirty_offset_term:1}, is_closed: false, segments: [{size: 1, [{offset_tracker:{term:1, base_offset:0, committed_offset:0, dirty_offset:0}, compacted_segment=1, finished_self_compaction=0, finished_windowed_compaction=0, generation=2, reader={/var/lib/redpanda/data/kafka/__consumer_offsets/1_14/0-1-v1.log, (116 bytes)}, writer={no_of_chunks:64, closed:0, fallocation_offset:33554432, stable_offset:116, flushed_offset:116, committed_offset:116, inflight:0, dispatched:0, merged:0, bytes_flush_pending:0}, cache=nullptr, compaction_index:{name:/var/lib/redpanda/data/kafka/__consumer_offsets/1_14/0-1-v1.compaction_index, key_mem_usage:0, persisted_entries:0, in_memory_entries:0, file_appender:{nullopt}}, closed=0, tombstone=0, index={file:/var/lib/redpanda/data/kafka/__consumer_offsets/1_14/0-1-v1.base_index, offsets:0, index:{header_bitflags:0, base_offset:0, max_offset:0, base_timestamp:{timestamp: 1771768844057}, max_timestamp:{timestamp: 1771768844057}, batch_timestamps_are_monotonic:1, with_offset:true, non_data_timestamps:1, broker_timestamp:{nullopt}, num_compactible_records_appended:{0}, index(1,1,1)}, step:32768, needs_persistence:1}}]}], config: {ntp: {kafka/__consumer_offsets/1}, base_dir: /var/lib/redpanda/data, overrides: {compaction_strategy: {nullopt}, cleanup_policy_bitflags: {compact}, segment_size: {nullopt}, retention_bytes: {}, retention_time_ms: {}, recovery_enabled: false, retention_local_target_bytes: {}, retention_local_target_ms: {}, remote_delete: {true}, segment_ms: {}, initial_retention_local_target_bytes: {}, initial_retention_local_target_ms: {}, write_caching: {nullopt}, flush_ms: {nullopt}, flush_bytes: {nullopt}}, revision: 14, initial_revision: 14}}, group_id:8, term: 1, commit_index: 0, voted_for:{id: 0, revision: 14}}
redpanda-1  | INFO  2026-02-22 14:00:44,106 [shard 0:main] kafka - group_manager.cc:911 - Scheduling write of offset retention feature fence for partition {log:{offsets: {start_offset:0, committed_offset:0, committed_offset_term:1, dirty_offset:0, dirty_offset_term:1}, is_closed: false, segments: [{size: 1, [{offset_tracker:{term:1, base_offset:0, committed_offset:0, dirty_offset:0}, compacted_segment=1, finished_self_compaction=0, finished_windowed_compaction=0, generation=2, reader={/var/lib/redpanda/data/kafka/__consumer_offsets/2_14/0-1-v1.log, (116 bytes)}, writer={no_of_chunks:64, closed:0, fallocation_offset:33554432, stable_offset:116, flushed_offset:116, committed_offset:116, inflight:0, dispatched:0, merged:0, bytes_flush_pending:0}, cache=nullptr, compaction_index:{name:/var/lib/redpanda/data/kafka/__consumer_offsets/2_14/0-1-v1.compaction_index, key_mem_usage:0, persisted_entries:0, in_memory_entries:0, file_appender:{nullopt}}, closed=0, tombstone=0, index={file:/var/lib/redpanda/data/kafka/__consumer_offsets/2_14/0-1-v1.base_index, offsets:0, index:{header_bitflags:0, base_offset:0, max_offset:0, base_timestamp:{timestamp: 1771768844057}, max_timestamp:{timestamp: 1771768844057}, batch_timestamps_are_monotonic:1, with_offset:true, non_data_timestamps:1, broker_timestamp:{nullopt}, num_compactible_records_appended:{0}, index(1,1,1)}, step:32768, needs_persistence:1}}]}], config: {ntp: {kafka/__consumer_offsets/2}, base_dir: /var/lib/redpanda/data, overrides: {compaction_strategy: {nullopt}, cleanup_policy_bitflags: {compact}, segment_size: {nullopt}, retention_bytes: {}, retention_time_ms: {}, recovery_enabled: false, retention_local_target_bytes: {}, retention_local_target_ms: {}, remote_delete: {true}, segment_ms: {}, initial_retention_local_target_bytes: {}, initial_retention_local_target_ms: {}, write_caching: {nullopt}, flush_ms: {nullopt}, flush_bytes: {nullopt}}, revision: 14, initial_revision: 14}}, group_id:9, term: 1, commit_index: 0, voted_for:{id: 0, revision: 14}}
redpanda-1  | INFO  2026-02-22 14:00:44,107 [shard 0:main] kafka - group_manager.cc:1040 - Prepared partition {kafka/__consumer_offsets/1} for consumer offset retention feature during upgrade
redpanda-1  | INFO  2026-02-22 14:00:44,107 [shard 0:main] kafka - group_manager.cc:1040 - Prepared partition {kafka/__consumer_offsets/2} for consumer offset retention feature during upgrade
redpanda-1  | INFO  2026-02-22 14:00:44,107 [shard 0:main] kafka - group_manager.cc:911 - Scheduling write of offset retention feature fence for partition {log:{offsets: {start_offset:0, committed_offset:0, committed_offset_term:1, dirty_offset:0, dirty_offset_term:1}, is_closed: false, segments: [{size: 1, [{offset_tracker:{term:1, base_offset:0, committed_offset:0, dirty_offset:0}, compacted_segment=1, finished_self_compaction=0, finished_windowed_compaction=0, generation=2, reader={/var/lib/redpanda/data/kafka/__consumer_offsets/0_14/0-1-v1.log, (116 bytes)}, writer={no_of_chunks:64, closed:0, fallocation_offset:33554432, stable_offset:116, flushed_offset:116, committed_offset:116, inflight:0, dispatched:0, merged:0, bytes_flush_pending:0}, cache=nullptr, compaction_index:{name:/var/lib/redpanda/data/kafka/__consumer_offsets/0_14/0-1-v1.compaction_index, key_mem_usage:0, persisted_entries:0, in_memory_entries:0, file_appender:{nullopt}}, closed=0, tombstone=0, index={file:/var/lib/redpanda/data/kafka/__consumer_offsets/0_14/0-1-v1.base_index, offsets:0, index:{header_bitflags:0, base_offset:0, max_offset:0, base_timestamp:{timestamp: 1771768844057}, max_timestamp:{timestamp: 1771768844057}, batch_timestamps_are_monotonic:1, with_offset:true, non_data_timestamps:1, broker_timestamp:{nullopt}, num_compactible_records_appended:{0}, index(1,1,1)}, step:32768, needs_persistence:1}}]}], config: {ntp: {kafka/__consumer_offsets/0}, base_dir: /var/lib/redpanda/data, overrides: {compaction_strategy: {nullopt}, cleanup_policy_bitflags: {compact}, segment_size: {nullopt}, retention_bytes: {}, retention_time_ms: {}, recovery_enabled: false, retention_local_target_bytes: {}, retention_local_target_ms: {}, remote_delete: {true}, segment_ms: {}, initial_retention_local_target_bytes: {}, initial_retention_local_target_ms: {}, write_caching: {nullopt}, flush_ms: {nullopt}, flush_bytes: {nullopt}}, revision: 14, initial_revision: 14}}, group_id:7, term: 1, commit_index: 0, voted_for:{id: 0, revision: 14}}
redpanda-1  | INFO  2026-02-22 14:00:44,108 [shard 0:main] kafka - group_manager.cc:1040 - Prepared partition {kafka/__consumer_offsets/0} for consumer offset retention feature during upgrade
redpanda-1  | INFO  2026-02-22 14:00:45,185 [shard 0:main] cluster - partition_balancer_planner.cc:1972 - counts rebalancing objective in domain -1: 1 -> 1
redpanda-1  | INFO  2026-02-22 14:00:45,185 [shard 0:main] cluster - partition_balancer_planner.cc:1972 - counts rebalancing objective in domain 0: 1 -> 1
redpanda-1  | INFO  2026-02-22 14:00:45,185 [shard 0:main] cluster - partition_balancer_backend.cc:423 - last status: in_progress; violations: unavailable nodes: 0, full nodes: 0; nodes to rebalance count: 1; on demand rebalance requested: false; updates in progress: 0; action counts: reassignments: 0, cancellations: 0, failed: 0; counts rebalancing finished: true, force refresh health report: false
redpanda-1  | INFO  2026-02-22 14:00:45,186 [shard 0:main] cluster - members_manager.cc:375 - applying finish_reallocations_cmd, offset: 15, node id: 0
redpanda-1  | INFO  2026-02-22 14:00:51,816 [shard 0:main] cluster - topics_frontend.cc:151 - Create topics [{configuration: { topic: {kafka/signals.generated}, partition_count: 1, replication_factor: 1, is_migrated: false, properties: {compression: {nullopt}, cleanup_policy_bitflags: {nullopt}, compaction_strategy: {nullopt}, retention_bytes: {}, retention_duration_ms: {}, segment_size: {nullopt}, timestamp_type: {nullopt}, recovery_enabled: {nullopt}, shadow_indexing: {disabled}, read_replica: {nullopt}, read_replica_bucket: {nullopt}, remote_topic_namespace_override: {nullopt}, remote_topic_properties: {nullopt}, batch_max_bytes: {nullopt}, retention_local_target_bytes: {}, retention_local_target_ms: {}, remote_delete: true, segment_ms: {}, record_key_schema_id_validation: {nullopt}, record_key_schema_id_validation_compat: {nullopt}, record_key_subject_name_strategy:  {nullopt}, record_key_subject_name_strategy_compat: {nullopt}, record_value_schema_id_validation: {nullopt},  record_value_schema_id_validation_compat: {nullopt}, record_value_subject_name_strategy: {nullopt}, record_value_subject_name_strategy_compat: {nullopt}, initial_retention_local_target_bytes: {}, initial_retention_local_target_ms: {}, mpx_virtual_cluster_id: {nullopt}, write_caching: {nullopt}, flush_ms: {nullopt}, flush_bytes: {nullopt}, remote_label: {nullopt}}}, custom_assignments: {}},]
redpanda-1  | INFO  2026-02-22 14:00:51,829 [shard 0:main] cluster - topics_frontend.cc:151 - Create topics [{configuration: { topic: {kafka/market.prices}, partition_count: 1, replication_factor: 1, is_migrated: false, properties: {compression: {nullopt}, cleanup_policy_bitflags: {nullopt}, compaction_strategy: {nullopt}, retention_bytes: {}, retention_duration_ms: {}, segment_size: {nullopt}, timestamp_type: {nullopt}, recovery_enabled: {nullopt}, shadow_indexing: {disabled}, read_replica: {nullopt}, read_replica_bucket: {nullopt}, remote_topic_namespace_override: {nullopt}, remote_topic_properties: {nullopt}, batch_max_bytes: {nullopt}, retention_local_target_bytes: {}, retention_local_target_ms: {}, remote_delete: true, segment_ms: {}, record_key_schema_id_validation: {nullopt}, record_key_schema_id_validation_compat: {nullopt}, record_key_subject_name_strategy:  {nullopt}, record_key_subject_name_strategy_compat: {nullopt}, record_value_schema_id_validation: {nullopt},  record_value_schema_id_validation_compat: {nullopt}, record_value_subject_name_strategy: {nullopt}, record_value_subject_name_strategy_compat: {nullopt}, initial_retention_local_target_bytes: {}, initial_retention_local_target_ms: {}, mpx_virtual_cluster_id: {nullopt}, write_caching: {nullopt}, flush_ms: {nullopt}, flush_bytes: {nullopt}, remote_label: {nullopt}}}, custom_assignments: {}},]
redpanda-1  | INFO  2026-02-22 14:00:51,845 [shard 0:main] raft - [group_id:10, {kafka/signals.generated/0}] consensus.cc:1403 - Starting with voted_for {id: -2147483648, revision: -9223372036854775808} term 0 initial_state true
redpanda-1  | INFO  2026-02-22 14:00:51,857 [shard 0:main] raft - [group_id:11, {kafka/market.prices/0}] consensus.cc:1403 - Starting with voted_for {id: -2147483648, revision: -9223372036854775808} term 0 initial_state true
redpanda-1  | INFO  2026-02-22 14:00:51,863 [shard 0:main] offset_translator - ntp: {kafka/signals.generated/0} - offset_translator.cc:120 - resetting offset translation state
redpanda-1  | INFO  2026-02-22 14:00:51,874 [shard 0:main] offset_translator - ntp: {kafka/market.prices/0} - offset_translator.cc:120 - resetting offset translation state
redpanda-1  | INFO  2026-02-22 14:00:51,886 [shard 0:main] offset_translator - ntp: {kafka/signals.generated/0} - offset_translator.cc:166 - started, state: {base offset/delta: -9223372036854775808/0, map size: 1, last delta: 0}, highest_known_offset: -9223372036854775808
redpanda-1  | INFO  2026-02-22 14:00:51,887 [shard 0:main] raft - [group_id:10, {kafka/signals.generated/0}] consensus.cc:1447 - Current log offsets: {start_offset:-9223372036854775808, committed_offset:-9223372036854775808, committed_offset_term:-9223372036854775808, dirty_offset:-9223372036854775808, dirty_offset_term:-9223372036854775808}, read bootstrap state: data_seen 0 config_seen 0 eol false commit 0 term 0 prev_idx 0 prev_term 0 config_tracker -9223372036854775808 commit_base_tracker -9223372036854775808 configurations {}
redpanda-1  | INFO  2026-02-22 14:00:51,887 [shard 0:main] raft - [group_id:10, {kafka/signals.generated/0}] consensus.cc:1469 - Truncating configurations at -9223372036854775808
redpanda-1  | INFO  2026-02-22 14:00:51,898 [shard 0:main] offset_translator - ntp: {kafka/market.prices/0} - offset_translator.cc:166 - started, state: {base offset/delta: -9223372036854775808/0, map size: 1, last delta: 0}, highest_known_offset: -9223372036854775808
redpanda-1  | INFO  2026-02-22 14:00:51,898 [shard 0:main] raft - [group_id:11, {kafka/market.prices/0}] consensus.cc:1447 - Current log offsets: {start_offset:-9223372036854775808, committed_offset:-9223372036854775808, committed_offset_term:-9223372036854775808, dirty_offset:-9223372036854775808, dirty_offset_term:-9223372036854775808}, read bootstrap state: data_seen 0 config_seen 0 eol false commit 0 term 0 prev_idx 0 prev_term 0 config_tracker -9223372036854775808 commit_base_tracker -9223372036854775808 configurations {}
redpanda-1  | INFO  2026-02-22 14:00:51,898 [shard 0:main] raft - [group_id:11, {kafka/market.prices/0}] consensus.cc:1469 - Truncating configurations at -9223372036854775808
redpanda-1  | INFO  2026-02-22 14:00:51,909 [shard 0:main] raft - [group_id:10, {kafka/signals.generated/0}] consensus.cc:934 - starting pre-vote leader election, current term: 0, leadership transfer: false
redpanda-1  | INFO  2026-02-22 14:00:51,920 [shard 0:main] raft - [group_id:11, {kafka/market.prices/0}] consensus.cc:934 - starting pre-vote leader election, current term: 0, leadership transfer: false
redpanda-1  | INFO  2026-02-22 14:00:51,931 [shard 0:main] raft - [group_id:10, {kafka/signals.generated/0}] consensus.cc:1580 - started raft, log offsets: {start_offset:-9223372036854775808, committed_offset:-9223372036854775808, committed_offset_term:-9223372036854775808, dirty_offset:-9223372036854775808, dirty_offset_term:-9223372036854775808}, term: 0, configuration: {current: {voters: {{id: 0, revision: 16}}, learners: {}}, old:{nullopt}, revision: 16, update: {nullopt}, version: 5}}
redpanda-1  | INFO  2026-02-22 14:00:51,944 [shard 0:main] raft - [group_id:10, {kafka/signals.generated/0}] vote_stm.cc:418 - becoming the leader term:1
redpanda-1  | INFO  2026-02-22 14:00:51,944 [shard 0:main] storage - segment.cc:811 - Creating new segment /var/lib/redpanda/data/kafka/signals.generated/0_16/0-1-v1.log
redpanda-1  | INFO  2026-02-22 14:00:51,944 [shard 0:main] raft - [group_id:11, {kafka/market.prices/0}] consensus.cc:1580 - started raft, log offsets: {start_offset:-9223372036854775808, committed_offset:-9223372036854775808, committed_offset_term:-9223372036854775808, dirty_offset:-9223372036854775808, dirty_offset_term:-9223372036854775808}, term: 0, configuration: {current: {voters: {{id: 0, revision: 17}}, learners: {}}, old:{nullopt}, revision: 17, update: {nullopt}, version: 5}}
redpanda-1  | INFO  2026-02-22 14:00:51,956 [shard 0:main] raft - [group_id:11, {kafka/market.prices/0}] vote_stm.cc:418 - becoming the leader term:1
redpanda-1  | INFO  2026-02-22 14:00:51,956 [shard 0:main] storage - segment.cc:811 - Creating new segment /var/lib/redpanda/data/kafka/market.prices/0_17/0-1-v1.log
redpanda-1  | INFO  2026-02-22 14:00:51,971 [shard 0:main] tx - [{kafka/signals.generated/0}] - rm_stm.cc:109 - Setting bootstrap committed offset to: 0
redpanda-1  | INFO  2026-02-22 14:00:51,972 [shard 0:main] raft - [group_id:10, {kafka/signals.generated/0}] vote_stm.cc:433 - became the leader term: 1
redpanda-1  | INFO  2026-02-22 14:00:51,983 [shard 0:main] tx - [{kafka/market.prices/0}] - rm_stm.cc:109 - Setting bootstrap committed offset to: 0
redpanda-1  | INFO  2026-02-22 14:00:51,985 [shard 0:main] raft - [group_id:11, {kafka/market.prices/0}] vote_stm.cc:433 - became the leader term: 1
redpanda-1  | INFO  2026-02-22 14:01:42,179 [shard 0:main] cluster - controller_stm.cc:136 - created snapshot at offset 17 in 0 ms
redpanda-1  | INFO  2026-02-22 14:01:42,193 [shard 0:main] storage - disk_log_impl.cc:2475 - Removing "/var/lib/redpanda/data/redpanda/controller/0_0/0-1-v1.log" (remove_prefix_full_segments, {offset_tracker:{term:1, base_offset:0, committed_offset:17, dirty_offset:17}, compacted_segment=0, finished_self_compaction=0, finished_windowed_compaction=0, generation=32, reader={/var/lib/redpanda/data/redpanda/controller/0_0/0-1-v1.log, (3855 bytes)}, writer={no_of_chunks:64, closed:0, fallocation_offset:33554432, stable_offset:3855, flushed_offset:3855, committed_offset:3855, inflight:0, dispatched:0, merged:1, bytes_flush_pending:0}, cache={cache_size=18, dirty tracker: {min: -9223372036854775808, max: -9223372036854775808}}, compaction_index:nullopt, closed=0, tombstone=0, index={file:/var/lib/redpanda/data/redpanda/controller/0_0/0-1-v1.base_index, offsets:0, index:{header_bitflags:0, base_offset:0, max_offset:17, base_timestamp:{timestamp: 1771768842055}, max_timestamp:{timestamp: 1771768851829}, batch_timestamps_are_monotonic:1, with_offset:false, non_data_timestamps:0, broker_timestamp:{{timestamp: 1771768851829}}, num_compactible_records_appended:{17}, index(1,1,1)}, step:32768, needs_persistence:1}})
redpanda-1  | INFO  2026-02-22 14:10:41,828 [shard 0:main] kafka - group_manager.cc:234 - Group offset retention is now enabled (prev {nullopt}). Legacy enabled false retention_sec {604800000} original version 13.
