Client:
 Version:           28.3.2
 API version:       1.51
 Go version:        go1.24.5
 Git commit:        578ccf6
 Built:             Wed Jul  9 16:12:31 2025
 OS/Arch:           windows/amd64
 Context:           desktop-linux

Server: Docker Desktop 4.43.2 (199162)
 Engine:
  Version:          28.3.2
  API version:      1.51 (minimum version 1.24)
  Go version:       go1.24.5
  Git commit:       e77ff99
  Built:            Wed Jul  9 16:13:55 2025
  OS/Arch:          linux/amd64
  Experimental:     false
 containerd:
  Version:          1.7.27
  GitCommit:        05044ec0a9a75232cad458027ca83437aae3f4da
 runc:
  Version:          1.2.5
  GitCommit:        v1.2.5-0-g59923ef
 docker-init:
  Version:          0.19.0
  GitCommit:        de40ad0
